[ 2018-05-09T23:58:01+08:00 ] ::1 /pay2/index.php/Admin/Tongdao/add.html
INFO: [ app_init ] --START--
INFO: Run Behavior\BuildLiteBehavior [ RunTime:0.000086s ]
INFO: [ app_init ] --END-- [ RunTime:0.002952s ]
INFO: [ app_begin ] --START--
INFO: Run Behavior\ReadHtmlCacheBehavior [ RunTime:0.002950s ]
INFO: [ app_begin ] --END-- [ RunTime:0.003100s ]
ERR: 无法加载控制器:Tongdao

[ 2018-05-09T23:58:14+08:00 ] ::1 /pay2/index.php/Admin/Main/login_task_ajax.html
INFO: [ app_init ] --START--
INFO: Run Behavior\BuildLiteBehavior [ RunTime:0.000023s ]
INFO: [ app_init ] --END-- [ RunTime:0.000458s ]
INFO: [ app_begin ] --START--
INFO: Run Behavior\ReadHtmlCacheBehavior [ RunTime:0.000495s ]
INFO: [ app_begin ] --END-- [ RunTime:0.000556s ]
SQL: SHOW COLUMNS FROM `user` [ RunTime:0.0013s ]
SQL: SELECT * FROM `user` WHERE `id` = 1 LIMIT 1   [ RunTime:0.0104s ]
SQL: SHOW COLUMNS FROM `admin_log` [ RunTime:0.0007s ]
SQL: SELECT `log_ip`,`log_time` FROM `admin_log` WHERE `user_id` = 1 ORDER BY log_id desc LIMIT 1,1   [ RunTime:0.0023s ]
SQL: SHOW COLUMNS FROM `orderlist` [ RunTime:0.0013s ]
SQL: SELECT SUM(pay_to_member) AS tp_sum FROM `orderlist` WHERE ( 1=1 ) AND `creat_time` BETWEEN '1525795200' AND '1525881494' AND `pay_state` = '1' LIMIT 1   [ RunTime:0.0059s ]
SQL: SHOW COLUMNS FROM `auth_rule` [ RunTime:0.0009s ]
SQL: SELECT * FROM `auth_rule` WHERE ( ismenu = 1 ) ORDER BY id asc  [ RunTime:0.0008s ]
INFO: [ app_end ] --START--
INFO: Run Behavior\ShowPageTraceBehavior [ RunTime:0.001582s ]
INFO: [ app_end ] --END-- [ RunTime:0.001707s ]

[ 2018-05-09T23:58:14+08:00 ] ::1 /pay2/index.php/Admin/Main/login_task_ajax.html
INFO: [ app_init ] --START--
INFO: Run Behavior\BuildLiteBehavior [ RunTime:0.000038s ]
INFO: [ app_init ] --END-- [ RunTime:0.000464s ]
INFO: [ app_begin ] --START--
INFO: Run Behavior\ReadHtmlCacheBehavior [ RunTime:0.000461s ]
INFO: [ app_begin ] --END-- [ RunTime:0.000519s ]
SQL: SHOW COLUMNS FROM `user` [ RunTime:0.0008s ]
SQL: SELECT * FROM `user` WHERE `id` = 1 LIMIT 1   [ RunTime:0.0013s ]
SQL: SHOW COLUMNS FROM `admin_log` [ RunTime:0.0009s ]
SQL: SELECT `log_ip`,`log_time` FROM `admin_log` WHERE `user_id` = 1 ORDER BY log_id desc LIMIT 1,1   [ RunTime:0.0004s ]
SQL: SHOW COLUMNS FROM `orderlist` [ RunTime:0.0012s ]
SQL: SELECT SUM(pay_to_member) AS tp_sum FROM `orderlist` WHERE ( 1=1 ) AND `creat_time` BETWEEN '1525795200' AND '1525881494' AND `pay_state` = '1' LIMIT 1   [ RunTime:0.0005s ]
SQL: SHOW COLUMNS FROM `auth_rule` [ RunTime:0.0008s ]
SQL: SELECT * FROM `auth_rule` WHERE ( ismenu = 1 ) ORDER BY id asc  [ RunTime:0.0022s ]
INFO: [ app_end ] --START--
INFO: Run Behavior\ShowPageTraceBehavior [ RunTime:0.000651s ]
INFO: [ app_end ] --END-- [ RunTime:0.000723s ]

[ 2018-05-09T23:58:17+08:00 ] ::1 /pay2/index.php/Admin/Main/login_task_ajax.html
INFO: [ app_init ] --START--
INFO: Run Behavior\BuildLiteBehavior [ RunTime:0.000012s ]
INFO: [ app_init ] --END-- [ RunTime:0.000299s ]
INFO: [ app_begin ] --START--
INFO: Run Behavior\ReadHtmlCacheBehavior [ RunTime:0.000315s ]
INFO: [ app_begin ] --END-- [ RunTime:0.000350s ]
SQL: SHOW COLUMNS FROM `user` [ RunTime:0.0011s ]
SQL: SELECT * FROM `user` WHERE `id` = 1 LIMIT 1   [ RunTime:0.0005s ]
SQL: SHOW COLUMNS FROM `admin_log` [ RunTime:0.0008s ]
SQL: SELECT `log_ip`,`log_time` FROM `admin_log` WHERE `user_id` = 1 ORDER BY log_id desc LIMIT 1,1   [ RunTime:0.0004s ]
SQL: SHOW COLUMNS FROM `orderlist` [ RunTime:0.0011s ]
SQL: SELECT SUM(pay_to_member) AS tp_sum FROM `orderlist` WHERE ( 1=1 ) AND `creat_time` BETWEEN '1525795200' AND '1525881497' AND `pay_state` = '1' LIMIT 1   [ RunTime:0.0003s ]
SQL: SHOW COLUMNS FROM `auth_rule` [ RunTime:0.0005s ]
SQL: SELECT * FROM `auth_rule` WHERE ( ismenu = 1 ) ORDER BY id asc  [ RunTime:0.0005s ]
INFO: [ app_end ] --START--
INFO: Run Behavior\ShowPageTraceBehavior [ RunTime:0.000496s ]
INFO: [ app_end ] --END-- [ RunTime:0.000538s ]

[ 2018-05-09T23:58:21+08:00 ] ::1 /pay2/index.php/Admin/Tongdao/add.html
INFO: [ app_init ] --START--
INFO: Run Behavior\BuildLiteBehavior [ RunTime:0.000012s ]
INFO: [ app_init ] --END-- [ RunTime:0.000284s ]
INFO: [ app_begin ] --START--
INFO: Run Behavior\ReadHtmlCacheBehavior [ RunTime:0.000374s ]
INFO: [ app_begin ] --END-- [ RunTime:0.000419s ]
ERR: 无法加载控制器:Tongdao

[ 2018-05-09T23:58:40+08:00 ] ::1 /pay2/index.php/Admin/Platform/add.html
INFO: [ app_init ] --START--
INFO: Run Behavior\BuildLiteBehavior [ RunTime:0.000016s ]
INFO: [ app_init ] --END-- [ RunTime:0.000386s ]
INFO: [ app_begin ] --START--
INFO: Run Behavior\ReadHtmlCacheBehavior [ RunTime:0.000409s ]
INFO: [ app_begin ] --END-- [ RunTime:0.000463s ]
SQL: SHOW COLUMNS FROM `user` [ RunTime:0.0010s ]
SQL: SELECT * FROM `user` WHERE `id` = 1 LIMIT 1   [ RunTime:0.0005s ]
SQL: SHOW COLUMNS FROM `admin_log` [ RunTime:0.0006s ]
SQL: SELECT `log_ip`,`log_time` FROM `admin_log` WHERE `user_id` = 1 ORDER BY log_id desc LIMIT 1,1   [ RunTime:0.0004s ]
SQL: SHOW COLUMNS FROM `orderlist` [ RunTime:0.0008s ]
SQL: SELECT SUM(pay_to_member) AS tp_sum FROM `orderlist` WHERE ( 1=1 ) AND `creat_time` BETWEEN '1525795200' AND '1525881520' AND `pay_state` = '1' LIMIT 1   [ RunTime:0.0003s ]
SQL: SHOW COLUMNS FROM `auth_rule` [ RunTime:0.0006s ]
SQL: SELECT * FROM `auth_rule` WHERE ( ismenu = 1 ) ORDER BY id asc  [ RunTime:0.0022s ]
SQL: SHOW COLUMNS FROM `product` [ RunTime:0.0006s ]
SQL: SELECT * FROM `product` ORDER BY id asc  [ RunTime:0.0012s ]
INFO: [ view_parse ] --START--
INFO: [ template_filter ] --START--
INFO: Run Behavior\ContentReplaceBehavior [ RunTime:0.000214s ]
INFO: [ template_filter ] --END-- [ RunTime:0.000265s ]
INFO: Run Behavior\ParseTemplateBehavior [ RunTime:0.018316s ]
INFO: [ view_parse ] --END-- [ RunTime:0.018387s ]
INFO: [ view_filter ] --START--
INFO: Run Behavior\WriteHtmlCacheBehavior [ RunTime:0.000679s ]
INFO: [ view_filter ] --END-- [ RunTime:0.000745s ]
INFO: [ app_end ] --START--
INFO: Run Behavior\ShowPageTraceBehavior [ RunTime:0.001077s ]
INFO: [ app_end ] --END-- [ RunTime:0.001157s ]

[ 2018-05-09T23:58:40+08:00 ] ::1 /pay2/index.php/Admin/Main/login_task_ajax.html
INFO: [ app_init ] --START--
INFO: Run Behavior\BuildLiteBehavior [ RunTime:0.000017s ]
INFO: [ app_init ] --END-- [ RunTime:0.000347s ]
INFO: [ app_begin ] --START--
INFO: Run Behavior\ReadHtmlCacheBehavior [ RunTime:0.000452s ]
INFO: [ app_begin ] --END-- [ RunTime:0.000522s ]
SQL: SHOW COLUMNS FROM `user` [ RunTime:0.0010s ]
SQL: SELECT * FROM `user` WHERE `id` = 1 LIMIT 1   [ RunTime:0.0005s ]
SQL: SHOW COLUMNS FROM `admin_log` [ RunTime:0.0007s ]
SQL: SELECT `log_ip`,`log_time` FROM `admin_log` WHERE `user_id` = 1 ORDER BY log_id desc LIMIT 1,1   [ RunTime:0.0004s ]
SQL: SHOW COLUMNS FROM `orderlist` [ RunTime:0.0010s ]
SQL: SELECT SUM(pay_to_member) AS tp_sum FROM `orderlist` WHERE ( 1=1 ) AND `creat_time` BETWEEN '1525795200' AND '1525881520' AND `pay_state` = '1' LIMIT 1   [ RunTime:0.0004s ]
SQL: SHOW COLUMNS FROM `auth_rule` [ RunTime:0.0005s ]
SQL: SELECT * FROM `auth_rule` WHERE ( ismenu = 1 ) ORDER BY id asc  [ RunTime:0.0005s ]
INFO: [ app_end ] --START--
INFO: Run Behavior\ShowPageTraceBehavior [ RunTime:0.000695s ]
INFO: [ app_end ] --END-- [ RunTime:0.000767s ]

